<?xml version="1.0" encoding="UTF-8"?>
<!-- Generated by org.testng.reporters.JUnitXMLReporter -->
<testsuite ignored="0" hostname="ABRAHAMMEJIA-PC" failures="0" tests="5" name="Create Employee Test" time="22.846" errors="0" timestamp="2020-03-08T20:03:25 BOT">
  <testcase classname="Tests.CreateEmployeeTest" name="The_user_login_on_the_CafeTownsend_portal" time="1.025"/>
  <testcase classname="Tests.CreateEmployeeTest" name="the_user_clicks_on_the_Create_button" time="0.44"/>
  <testcase classname="Tests.CreateEmployeeTest" name="the_user_types_the_data_to_create_the_new_employee" time="0.944"/>
  <testcase classname="Tests.CreateEmployeeTest" name="the_new_employee_created_is_displayed_on_the_employee_list" time="8.462"/>
  <testcase classname="Tests.CreateEmployeeTest" name="the_user_validates_the_employee_data_was_inserted_correctly_on_the_CafeTownsend_portal" time="0.716"/>
</testsuite> <!-- Create Employee Test -->
