<?xml version="1.0" encoding="UTF-8"?>
<!-- Generated by org.testng.reporters.JUnitXMLReporter -->
<testsuite ignored="0" hostname="ABRAHAMMEJIA-PC" failures="0" tests="5" name="Edit Employee Test" time="25.112" errors="0" timestamp="2020-03-08T20:03:50 BOT">
  <testcase classname="Tests.EditEmployeeTest" name="the_user_login_on_the_CafeTownsend_portal" time="1.199"/>
  <testcase classname="Tests.EditEmployeeTest" name="the_user_selects_an_employee_from_the_employee_list" time="7.321"/>
  <testcase classname="Tests.EditEmployeeTest" name="the_user_clicks_on_the_Edit_button" time="0.185"/>
  <testcase classname="Tests.EditEmployeeTest" name="the_user_edits_an_employee" time="7.594"/>
  <testcase classname="Tests.EditEmployeeTest" name="the_user_validates_the_employee_data_was_edited_correctly_on_the_CafeTownsend_portal" time="0.562"/>
</testsuite> <!-- Edit Employee Test -->
