<?xml version="1.0" encoding="UTF-8"?>
<!-- Generated by org.testng.reporters.JUnitXMLReporter -->
<testsuite ignored="0" hostname="ABRAHAMMEJIA-PC" failures="0" tests="3" name="Invalid login test" time="18.055" errors="0" timestamp="2020-03-08T20:03:02 BOT">
  <testcase classname="Tests.InvalidLoginTest" name="theUserNavigatesToTheLoginPage" time="1.058"/>
  <testcase classname="Tests.InvalidLoginTest" name="theUserTypesAWrongCredentialsOnTheLoginPage" time="0.304"/>
  <testcase classname="Tests.InvalidLoginTest" name="thePortalDisplayAInvalidCredentialsWarningOnTheLoginPage" time="0.273"/>
</testsuite> <!-- Invalid login test -->
