<?xml version="1.0" encoding="UTF-8"?>
<!-- Generated by org.testng.reporters.JUnitXMLReporter -->
<testsuite ignored="0" hostname="ABRAHAMMEJIA-PC" failures="0" tests="3" name="Login Test" time="9.755" errors="0" timestamp="2020-03-08T20:02:32 BOT">
  <testcase classname="Tests.LoginTest" name="theUserNavigatesToTheLoginPage" time="0.889"/>
  <testcase classname="Tests.LoginTest" name="theUserTypesTheCredentialsProvidedOnThePortal" time="0.396"/>
  <testcase classname="Tests.LoginTest" name="theUserLoginOnTheCafeTownsendPortalSuccessfully" time="0.575"/>
</testsuite> <!-- Login Test -->
