<?xml version="1.0" encoding="UTF-8"?>
<!-- Generated by org.testng.reporters.JUnitXMLReporter -->
<testsuite ignored="0" hostname="ABRAHAMMEJIA-PC" failures="0" tests="3" name="Logout Test" time="11.824" errors="0" timestamp="2020-03-08T20:02:44 BOT">
  <testcase classname="Tests.LogoutTest" name="the_user_is_login_on_the_CafeTownsend_Portal" time="1.075"/>
  <testcase classname="Tests.LogoutTest" name="the_user_clicks_on_the_logout_button" time="0.566"/>
  <testcase classname="Tests.LogoutTest" name="the_user_is_logout_from_the_CafeTownsend_Portal" time="0.058"/>
</testsuite> <!-- Logout Test -->
