<?xml version="1.0" encoding="UTF-8"?>
<!-- Generated by org.testng.reporters.JUnitXMLReporter -->
<testsuite ignored="0" hostname="ABRAHAMMEJIA-PC" failures="0" tests="3" name="Surefire test" time="8.068" errors="0" timestamp="2020-03-08T19:41:03 BOT">
  <testcase classname="Tests.LoginTest" name="theUserNavigatesToTheLoginPage" time="0.733"/>
  <testcase classname="Tests.LoginTest" name="theUserTypesTheCredentialsProvidedOnThePortal" time="0.36"/>
  <testcase classname="Tests.LoginTest" name="theUserLoginOnTheCafeTownsendPortalSuccessfully" time="0.77"/>
</testsuite> <!-- Surefire test -->
