<?xml version="1.0" encoding="UTF-8"?>
<testsuite xmlns:xsi="http://www.w3.org/2001/XMLSchema-instance" xsi:noNamespaceSchemaLocation="https://maven.apache.org/surefire/maven-surefire-plugin/xsd/surefire-test-report.xsd" name="Tests.LoginTest" time="9.043" tests="3" errors="0" skipped="0" failures="0">
  <properties>
[...]
</properties>
  <testcase name="theUserNavigatesToTheLoginPage" classname="Tests.LoginTest" time="0.734"/>
  <testcase name="theUserTypesTheCredentialsProvidedOnThePortal" classname="Tests.LoginTest" time="0.362"/>
  <testcase name="theUserLoginOnTheCafeTownsendPortalSuccessfully" classname="Tests.LoginTest" time="0.77"/>
</testsuite>