<?xml version="1.0" encoding="UTF-8"?>
<testsuite xmlns:xsi="http://www.w3.org/2001/XMLSchema-instance" xsi:noNamespaceSchemaLocation="https://maven.apache.org/surefire/maven-surefire-plugin/xsd/surefire-test-report.xsd" name="TestSuite" time="121.296" tests="23" errors="0" skipped="0" failures="0">
  <properties>
[...]
</properties>
  <testcase name="theUserNavigatesToTheLoginPage" classname="Tests.LoginTest" time="0.891"/>
  <testcase name="theUserTypesTheCredentialsProvidedOnThePortal" classname="Tests.LoginTest" time="0.397"/>
  <testcase name="theUserLoginOnTheCafeTownsendPortalSuccessfully" classname="Tests.LoginTest" time="0.574"/>
  <testcase name="the_user_is_login_on_the_CafeTownsend_Portal" classname="Tests.LogoutTest" time="1.075"/>
  <testcase name="the_user_clicks_on_the_logout_button" classname="Tests.LogoutTest" time="0.567"/>
  <testcase name="the_user_is_logout_from_the_CafeTownsend_Portal" classname="Tests.LogoutTest" time="0.059"/>
  <testcase name="theUserNavigatesToTheLoginPage" classname="Tests.InvalidLoginTest" time="1.053"/>
  <testcase name="theUserTypesAWrongCredentialsOnTheLoginPage" classname="Tests.InvalidLoginTest" time="0.305"/>
  <testcase name="thePortalDisplayAInvalidCredentialsWarningOnTheLoginPage" classname="Tests.InvalidLoginTest" time="0.273"/>
  <testcase name="The_user_login_on_the_CafeTownsend_portal" classname="Tests.CreateEmployeeTest" time="1.026"/>
  <testcase name="the_user_clicks_on_the_Create_button" classname="Tests.CreateEmployeeTest" time="0.44"/>
  <testcase name="the_user_types_the_data_to_create_the_new_employee" classname="Tests.CreateEmployeeTest" time="0.945"/>
  <testcase name="the_new_employee_created_is_displayed_on_the_employee_list" classname="Tests.CreateEmployeeTest" time="8.463"/>
  <testcase name="the_user_validates_the_employee_data_was_inserted_correctly_on_the_CafeTownsend_portal" classname="Tests.CreateEmployeeTest" time="0.717"/>
  <testcase name="the_user_login_on_the_CafeTownsend_portal" classname="Tests.EditEmployeeTest" time="1.2"/>
  <testcase name="the_user_selects_an_employee_from_the_employee_list" classname="Tests.EditEmployeeTest" time="7.321"/>
  <testcase name="the_user_clicks_on_the_Edit_button" classname="Tests.EditEmployeeTest" time="0.186"/>
  <testcase name="the_user_edits_an_employee" classname="Tests.EditEmployeeTest" time="7.595"/>
  <testcase name="the_user_validates_the_employee_data_was_edited_correctly_on_the_CafeTownsend_portal" classname="Tests.EditEmployeeTest" time="0.563"/>
  <testcase name="the_user_login_on_the_CafeTownsend_portal" classname="Tests.DeleteEmployeeTest" time="1.075"/>
  <testcase name="the_user_selects_an_employee_from_the_employee_list" classname="Tests.DeleteEmployeeTest" time="7.028"/>
  <testcase name="theUserClicksOnTheDeleteButton" classname="Tests.DeleteEmployeeTest" time="1.004"/>
  <testcase name="theUserValidatesTheEmployeeWasDeletedCorrectlyFromTheCafeTownsendPortalEmployeeList" classname="Tests.DeleteEmployeeTest" time="10.109"/>
</testsuite>