<?xml version="1.0" encoding="UTF-8"?>
<testng-results ignored="0" total="23" passed="23" failed="0" skipped="0">
  <reporter-output>
  </reporter-output>
  <suite started-at="2020-03-08T20:02:22 BOT" name="CafetownSend Tests" finished-at="2020-03-08T20:04:22 BOT" duration-ms="119589">
    <groups>
    </groups>
    <test started-at="2020-03-08T20:02:22 BOT" name="Login Test" finished-at="2020-03-08T20:02:32 BOT" duration-ms="9755">
      <class name="Tests.LoginTest">
        <test-method is-config="true" signature="initializeTest()[pri:0, instance:Tests.LoginTest@61009542]" started-at="2020-03-08T20:02:22 BOT" name="initializeTest" finished-at="2020-03-08T20:02:29 BOT" duration-ms="7189" status="PASS">
          <reporter-output>
          </reporter-output>
        </test-method> <!-- initializeTest -->
        <test-method signature="theUserNavigatesToTheLoginPage()[pri:1, instance:Tests.LoginTest@61009542]" started-at="2020-03-08T20:02:29 BOT" name="theUserNavigatesToTheLoginPage" finished-at="2020-03-08T20:02:30 BOT" duration-ms="889" status="PASS">
          <reporter-output>
          </reporter-output>
        </test-method> <!-- theUserNavigatesToTheLoginPage -->
        <test-method signature="theUserTypesTheCredentialsProvidedOnThePortal(java.lang.String, java.lang.String)[pri:2, instance:Tests.LoginTest@61009542]" started-at="2020-03-08T20:02:30 BOT" name="theUserTypesTheCredentialsProvidedOnThePortal" finished-at="2020-03-08T20:02:31 BOT" duration-ms="396" status="PASS">
          <params>
            <param index="0">
              <value>
                <![CDATA[Luke]]>
              </value>
            </param>
            <param index="1">
              <value>
                <![CDATA[Skywalker]]>
              </value>
            </param>
          </params>
          <reporter-output>
          </reporter-output>
        </test-method> <!-- theUserTypesTheCredentialsProvidedOnThePortal -->
        <test-method signature="theUserLoginOnTheCafeTownsendPortalSuccessfully()[pri:3, instance:Tests.LoginTest@61009542]" started-at="2020-03-08T20:02:31 BOT" name="theUserLoginOnTheCafeTownsendPortalSuccessfully" finished-at="2020-03-08T20:02:31 BOT" duration-ms="575" status="PASS">
          <reporter-output>
          </reporter-output>
        </test-method> <!-- theUserLoginOnTheCafeTownsendPortalSuccessfully -->
        <test-method is-config="true" signature="teardownTest()[pri:0, instance:Tests.LoginTest@61009542]" started-at="2020-03-08T20:02:31 BOT" name="teardownTest" finished-at="2020-03-08T20:02:32 BOT" duration-ms="666" status="PASS">
          <reporter-output>
          </reporter-output>
        </test-method> <!-- teardownTest -->
      </class> <!-- Tests.LoginTest -->
    </test> <!-- Login Test -->
    <test started-at="2020-03-08T20:02:32 BOT" name="Logout Test" finished-at="2020-03-08T20:02:44 BOT" duration-ms="11824">
      <class name="Tests.LogoutTest">
        <test-method is-config="true" signature="initializeTest()[pri:0, instance:Tests.LogoutTest@2890c451]" started-at="2020-03-08T20:02:32 BOT" name="initializeTest" finished-at="2020-03-08T20:02:42 BOT" duration-ms="9442" status="PASS">
          <reporter-output>
          </reporter-output>
        </test-method> <!-- initializeTest -->
        <test-method signature="the_user_is_login_on_the_CafeTownsend_Portal(java.lang.String, java.lang.String)[pri:1, instance:Tests.LogoutTest@2890c451]" started-at="2020-03-08T20:02:42 BOT" name="the_user_is_login_on_the_CafeTownsend_Portal" finished-at="2020-03-08T20:02:43 BOT" duration-ms="1075" status="PASS">
          <params>
            <param index="0">
              <value>
                <![CDATA[Luke]]>
              </value>
            </param>
            <param index="1">
              <value>
                <![CDATA[Skywalker]]>
              </value>
            </param>
          </params>
          <reporter-output>
          </reporter-output>
        </test-method> <!-- the_user_is_login_on_the_CafeTownsend_Portal -->
        <test-method signature="the_user_clicks_on_the_logout_button()[pri:2, instance:Tests.LogoutTest@2890c451]" started-at="2020-03-08T20:02:43 BOT" name="the_user_clicks_on_the_logout_button" finished-at="2020-03-08T20:02:43 BOT" duration-ms="566" status="PASS">
          <reporter-output>
          </reporter-output>
        </test-method> <!-- the_user_clicks_on_the_logout_button -->
        <test-method signature="the_user_is_logout_from_the_CafeTownsend_Portal()[pri:3, instance:Tests.LogoutTest@2890c451]" started-at="2020-03-08T20:02:43 BOT" name="the_user_is_logout_from_the_CafeTownsend_Portal" finished-at="2020-03-08T20:02:43 BOT" duration-ms="58" status="PASS">
          <reporter-output>
          </reporter-output>
        </test-method> <!-- the_user_is_logout_from_the_CafeTownsend_Portal -->
        <test-method is-config="true" signature="teardownTest()[pri:0, instance:Tests.LogoutTest@2890c451]" started-at="2020-03-08T20:02:43 BOT" name="teardownTest" finished-at="2020-03-08T20:02:44 BOT" duration-ms="679" status="PASS">
          <reporter-output>
          </reporter-output>
        </test-method> <!-- teardownTest -->
      </class> <!-- Tests.LogoutTest -->
    </test> <!-- Logout Test -->
    <test started-at="2020-03-08T20:02:44 BOT" name="Invalid login test" finished-at="2020-03-08T20:03:02 BOT" duration-ms="18055">
      <class name="Tests.InvalidLoginTest">
        <test-method is-config="true" signature="initializeTest()[pri:0, instance:Tests.InvalidLoginTest@5762806e]" started-at="2020-03-08T20:02:44 BOT" name="initializeTest" finished-at="2020-03-08T20:03:00 BOT" duration-ms="15527" status="PASS">
          <reporter-output>
          </reporter-output>
        </test-method> <!-- initializeTest -->
        <test-method signature="theUserNavigatesToTheLoginPage()[pri:1, instance:Tests.InvalidLoginTest@5762806e]" started-at="2020-03-08T20:03:00 BOT" name="theUserNavigatesToTheLoginPage" finished-at="2020-03-08T20:03:01 BOT" duration-ms="1058" status="PASS">
          <reporter-output>
          </reporter-output>
        </test-method> <!-- theUserNavigatesToTheLoginPage -->
        <test-method signature="theUserTypesAWrongCredentialsOnTheLoginPage(java.lang.String, java.lang.String)[pri:2, instance:Tests.InvalidLoginTest@5762806e]" started-at="2020-03-08T20:03:01 BOT" name="theUserTypesAWrongCredentialsOnTheLoginPage" finished-at="2020-03-08T20:03:01 BOT" duration-ms="304" status="PASS">
          <params>
            <param index="0">
              <value>
                <![CDATA[Anakin]]>
              </value>
            </param>
            <param index="1">
              <value>
                <![CDATA[Skywalker]]>
              </value>
            </param>
          </params>
          <reporter-output>
          </reporter-output>
        </test-method> <!-- theUserTypesAWrongCredentialsOnTheLoginPage -->
        <test-method signature="thePortalDisplayAInvalidCredentialsWarningOnTheLoginPage()[pri:3, instance:Tests.InvalidLoginTest@5762806e]" started-at="2020-03-08T20:03:01 BOT" name="thePortalDisplayAInvalidCredentialsWarningOnTheLoginPage" finished-at="2020-03-08T20:03:01 BOT" duration-ms="273" status="PASS">
          <reporter-output>
          </reporter-output>
        </test-method> <!-- thePortalDisplayAInvalidCredentialsWarningOnTheLoginPage -->
        <test-method is-config="true" signature="teardownTest()[pri:0, instance:Tests.InvalidLoginTest@5762806e]" started-at="2020-03-08T20:03:01 BOT" name="teardownTest" finished-at="2020-03-08T20:03:02 BOT" duration-ms="891" status="PASS">
          <reporter-output>
          </reporter-output>
        </test-method> <!-- teardownTest -->
      </class> <!-- Tests.InvalidLoginTest -->
    </test> <!-- Invalid login test -->
    <test started-at="2020-03-08T20:03:02 BOT" name="Create Employee Test" finished-at="2020-03-08T20:03:25 BOT" duration-ms="22846">
      <class name="Tests.CreateEmployeeTest">
        <test-method is-config="true" signature="initializeTest()[pri:0, instance:Tests.CreateEmployeeTest@4034c28c]" started-at="2020-03-08T20:03:02 BOT" name="initializeTest" finished-at="2020-03-08T20:03:13 BOT" duration-ms="10476" status="PASS">
          <reporter-output>
          </reporter-output>
        </test-method> <!-- initializeTest -->
        <test-method signature="The_user_login_on_the_CafeTownsend_portal(java.lang.String, java.lang.String)[pri:1, instance:Tests.CreateEmployeeTest@4034c28c]" started-at="2020-03-08T20:03:13 BOT" name="The_user_login_on_the_CafeTownsend_portal" finished-at="2020-03-08T20:03:14 BOT" duration-ms="1025" status="PASS">
          <params>
            <param index="0">
              <value>
                <![CDATA[Luke]]>
              </value>
            </param>
            <param index="1">
              <value>
                <![CDATA[Skywalker]]>
              </value>
            </param>
          </params>
          <reporter-output>
          </reporter-output>
        </test-method> <!-- The_user_login_on_the_CafeTownsend_portal -->
        <test-method signature="the_user_clicks_on_the_Create_button()[pri:2, instance:Tests.CreateEmployeeTest@4034c28c]" started-at="2020-03-08T20:03:14 BOT" name="the_user_clicks_on_the_Create_button" finished-at="2020-03-08T20:03:14 BOT" duration-ms="440" status="PASS">
          <reporter-output>
          </reporter-output>
        </test-method> <!-- the_user_clicks_on_the_Create_button -->
        <test-method signature="the_user_types_the_data_to_create_the_new_employee(java.lang.String, java.lang.String, java.lang.String, java.lang.String)[pri:3, instance:Tests.CreateEmployeeTest@4034c28c]" started-at="2020-03-08T20:03:14 BOT" name="the_user_types_the_data_to_create_the_new_employee" finished-at="2020-03-08T20:03:15 BOT" duration-ms="944" status="PASS">
          <params>
            <param index="0">
              <value>
                <![CDATA[CREATE]]>
              </value>
            </param>
            <param index="1">
              <value>
                <![CDATA[USER]]>
              </value>
            </param>
            <param index="2">
              <value>
                <![CDATA[2020-01-01]]>
              </value>
            </param>
            <param index="3">
              <value>
                <![CDATA[CREATEUSER@test.com]]>
              </value>
            </param>
          </params>
          <reporter-output>
          </reporter-output>
        </test-method> <!-- the_user_types_the_data_to_create_the_new_employee -->
        <test-method signature="the_new_employee_created_is_displayed_on_the_employee_list(java.lang.String, java.lang.String)[pri:4, instance:Tests.CreateEmployeeTest@4034c28c]" started-at="2020-03-08T20:03:15 BOT" name="the_new_employee_created_is_displayed_on_the_employee_list" finished-at="2020-03-08T20:03:24 BOT" duration-ms="8462" status="PASS">
          <params>
            <param index="0">
              <value>
                <![CDATA[CREATE]]>
              </value>
            </param>
            <param index="1">
              <value>
                <![CDATA[USER]]>
              </value>
            </param>
          </params>
          <reporter-output>
          </reporter-output>
        </test-method> <!-- the_new_employee_created_is_displayed_on_the_employee_list -->
        <test-method signature="the_user_validates_the_employee_data_was_inserted_correctly_on_the_CafeTownsend_portal(java.lang.String, java.lang.String, java.lang.String, java.lang.String)[pri:5, instance:Tests.CreateEmployeeTest@4034c28c]" started-at="2020-03-08T20:03:24 BOT" name="the_user_validates_the_employee_data_was_inserted_correctly_on_the_CafeTownsend_portal" finished-at="2020-03-08T20:03:24 BOT" duration-ms="716" status="PASS">
          <params>
            <param index="0">
              <value>
                <![CDATA[CREATE]]>
              </value>
            </param>
            <param index="1">
              <value>
                <![CDATA[USER]]>
              </value>
            </param>
            <param index="2">
              <value>
                <![CDATA[2020-01-01]]>
              </value>
            </param>
            <param index="3">
              <value>
                <![CDATA[CREATEUSER@test.com]]>
              </value>
            </param>
          </params>
          <reporter-output>
          </reporter-output>
        </test-method> <!-- the_user_validates_the_employee_data_was_inserted_correctly_on_the_CafeTownsend_portal -->
        <test-method is-config="true" signature="teardownTest()[pri:0, instance:Tests.CreateEmployeeTest@4034c28c]" started-at="2020-03-08T20:03:24 BOT" name="teardownTest" finished-at="2020-03-08T20:03:25 BOT" duration-ms="774" status="PASS">
          <reporter-output>
          </reporter-output>
        </test-method> <!-- teardownTest -->
      </class> <!-- Tests.CreateEmployeeTest -->
    </test> <!-- Create Employee Test -->
    <test started-at="2020-03-08T20:03:25 BOT" name="Edit Employee Test" finished-at="2020-03-08T20:03:50 BOT" duration-ms="25112">
      <class name="Tests.EditEmployeeTest">
        <test-method is-config="true" signature="initializeTest()[pri:0, instance:Tests.EditEmployeeTest@6f3b5d16]" started-at="2020-03-08T20:03:25 BOT" name="initializeTest" finished-at="2020-03-08T20:03:32 BOT" duration-ms="6642" status="PASS">
          <reporter-output>
          </reporter-output>
        </test-method> <!-- initializeTest -->
        <test-method signature="the_user_login_on_the_CafeTownsend_portal(java.lang.String, java.lang.String)[pri:1, instance:Tests.EditEmployeeTest@6f3b5d16]" started-at="2020-03-08T20:03:32 BOT" name="the_user_login_on_the_CafeTownsend_portal" finished-at="2020-03-08T20:03:33 BOT" duration-ms="1199" status="PASS">
          <params>
            <param index="0">
              <value>
                <![CDATA[Luke]]>
              </value>
            </param>
            <param index="1">
              <value>
                <![CDATA[Skywalker]]>
              </value>
            </param>
          </params>
          <reporter-output>
          </reporter-output>
        </test-method> <!-- the_user_login_on_the_CafeTownsend_portal -->
        <test-method signature="the_user_selects_an_employee_from_the_employee_list(java.lang.String, java.lang.String, java.lang.String, java.lang.String)[pri:2, instance:Tests.EditEmployeeTest@6f3b5d16]" started-at="2020-03-08T20:03:33 BOT" name="the_user_selects_an_employee_from_the_employee_list" finished-at="2020-03-08T20:03:40 BOT" duration-ms="7321" status="PASS">
          <params>
            <param index="0">
              <value>
                <![CDATA[EDIT]]>
              </value>
            </param>
            <param index="1">
              <value>
                <![CDATA[USER]]>
              </value>
            </param>
            <param index="2">
              <value>
                <![CDATA[2020-01-01]]>
              </value>
            </param>
            <param index="3">
              <value>
                <![CDATA[EDITUSER@test.com]]>
              </value>
            </param>
          </params>
          <reporter-output>
          </reporter-output>
        </test-method> <!-- the_user_selects_an_employee_from_the_employee_list -->
        <test-method signature="the_user_clicks_on_the_Edit_button()[pri:3, instance:Tests.EditEmployeeTest@6f3b5d16]" started-at="2020-03-08T20:03:40 BOT" name="the_user_clicks_on_the_Edit_button" finished-at="2020-03-08T20:03:40 BOT" duration-ms="185" status="PASS">
          <reporter-output>
          </reporter-output>
        </test-method> <!-- the_user_clicks_on_the_Edit_button -->
        <test-method signature="the_user_edits_an_employee(java.lang.String, java.lang.String, java.lang.String, java.lang.String)[pri:4, instance:Tests.EditEmployeeTest@6f3b5d16]" started-at="2020-03-08T20:03:40 BOT" name="the_user_edits_an_employee" finished-at="2020-03-08T20:03:48 BOT" duration-ms="7594" status="PASS">
          <params>
            <param index="0">
              <value>
                <![CDATA[NEWNAME]]>
              </value>
            </param>
            <param index="1">
              <value>
                <![CDATA[NEWLASTNAME]]>
              </value>
            </param>
            <param index="2">
              <value>
                <![CDATA[2020-01-01]]>
              </value>
            </param>
            <param index="3">
              <value>
                <![CDATA[NEWNAME@test.com]]>
              </value>
            </param>
          </params>
          <reporter-output>
          </reporter-output>
        </test-method> <!-- the_user_edits_an_employee -->
        <test-method signature="the_user_validates_the_employee_data_was_edited_correctly_on_the_CafeTownsend_portal(java.lang.String, java.lang.String, java.lang.String, java.lang.String)[pri:5, instance:Tests.EditEmployeeTest@6f3b5d16]" started-at="2020-03-08T20:03:48 BOT" name="the_user_validates_the_employee_data_was_edited_correctly_on_the_CafeTownsend_portal" finished-at="2020-03-08T20:03:49 BOT" duration-ms="562" status="PASS">
          <params>
            <param index="0">
              <value>
                <![CDATA[NEWNAME]]>
              </value>
            </param>
            <param index="1">
              <value>
                <![CDATA[NEWLASTNAME]]>
              </value>
            </param>
            <param index="2">
              <value>
                <![CDATA[2020-01-01]]>
              </value>
            </param>
            <param index="3">
              <value>
                <![CDATA[NEWNAME@test.com]]>
              </value>
            </param>
          </params>
          <reporter-output>
          </reporter-output>
        </test-method> <!-- the_user_validates_the_employee_data_was_edited_correctly_on_the_CafeTownsend_portal -->
        <test-method is-config="true" signature="teardownTest()[pri:0, instance:Tests.EditEmployeeTest@6f3b5d16]" started-at="2020-03-08T20:03:49 BOT" name="teardownTest" finished-at="2020-03-08T20:03:50 BOT" duration-ms="1602" status="PASS">
          <reporter-output>
          </reporter-output>
        </test-method> <!-- teardownTest -->
      </class> <!-- Tests.EditEmployeeTest -->
    </test> <!-- Edit Employee Test -->
    <test started-at="2020-03-08T20:03:50 BOT" name="Delete Employee Test" finished-at="2020-03-08T20:04:22 BOT" duration-ms="31537">
      <class name="Tests.DeleteEmployeeTest">
        <test-method is-config="true" signature="initializeTest()[pri:0, instance:Tests.DeleteEmployeeTest@3b2cf7ab]" started-at="2020-03-08T20:03:50 BOT" name="initializeTest" finished-at="2020-03-08T20:04:02 BOT" duration-ms="11547" status="PASS">
          <reporter-output>
          </reporter-output>
        </test-method> <!-- initializeTest -->
        <test-method signature="the_user_login_on_the_CafeTownsend_portal(java.lang.String, java.lang.String)[pri:1, instance:Tests.DeleteEmployeeTest@3b2cf7ab]" started-at="2020-03-08T20:04:02 BOT" name="the_user_login_on_the_CafeTownsend_portal" finished-at="2020-03-08T20:04:03 BOT" duration-ms="1075" status="PASS">
          <params>
            <param index="0">
              <value>
                <![CDATA[Luke]]>
              </value>
            </param>
            <param index="1">
              <value>
                <![CDATA[Skywalker]]>
              </value>
            </param>
          </params>
          <reporter-output>
          </reporter-output>
        </test-method> <!-- the_user_login_on_the_CafeTownsend_portal -->
        <test-method signature="the_user_selects_an_employee_from_the_employee_list(java.lang.String, java.lang.String, java.lang.String, java.lang.String)[pri:2, instance:Tests.DeleteEmployeeTest@3b2cf7ab]" started-at="2020-03-08T20:04:03 BOT" name="the_user_selects_an_employee_from_the_employee_list" finished-at="2020-03-08T20:04:10 BOT" duration-ms="7025" status="PASS">
          <params>
            <param index="0">
              <value>
                <![CDATA[DELETE]]>
              </value>
            </param>
            <param index="1">
              <value>
                <![CDATA[USER]]>
              </value>
            </param>
            <param index="2">
              <value>
                <![CDATA[2020-01-01]]>
              </value>
            </param>
            <param index="3">
              <value>
                <![CDATA[DELETEUSER@test.com]]>
              </value>
            </param>
          </params>
          <reporter-output>
          </reporter-output>
        </test-method> <!-- the_user_selects_an_employee_from_the_employee_list -->
        <test-method signature="theUserClicksOnTheDeleteButton()[pri:3, instance:Tests.DeleteEmployeeTest@3b2cf7ab]" started-at="2020-03-08T20:04:10 BOT" name="theUserClicksOnTheDeleteButton" finished-at="2020-03-08T20:04:11 BOT" duration-ms="1005" status="PASS">
          <reporter-output>
          </reporter-output>
        </test-method> <!-- theUserClicksOnTheDeleteButton -->
        <test-method signature="theUserValidatesTheEmployeeWasDeletedCorrectlyFromTheCafeTownsendPortalEmployeeList(java.lang.String, java.lang.String)[pri:4, instance:Tests.DeleteEmployeeTest@3b2cf7ab]" started-at="2020-03-08T20:04:11 BOT" name="theUserValidatesTheEmployeeWasDeletedCorrectlyFromTheCafeTownsendPortalEmployeeList" finished-at="2020-03-08T20:04:21 BOT" duration-ms="10109" status="PASS">
          <params>
            <param index="0">
              <value>
                <![CDATA[DELETE]]>
              </value>
            </param>
            <param index="1">
              <value>
                <![CDATA[USER]]>
              </value>
            </param>
          </params>
          <reporter-output>
          </reporter-output>
        </test-method> <!-- theUserValidatesTheEmployeeWasDeletedCorrectlyFromTheCafeTownsendPortalEmployeeList -->
        <test-method is-config="true" signature="teardownTest()[pri:0, instance:Tests.DeleteEmployeeTest@3b2cf7ab]" started-at="2020-03-08T20:04:21 BOT" name="teardownTest" finished-at="2020-03-08T20:04:22 BOT" duration-ms="772" status="PASS">
          <reporter-output>
          </reporter-output>
        </test-method> <!-- teardownTest -->
      </class> <!-- Tests.DeleteEmployeeTest -->
    </test> <!-- Delete Employee Test -->
  </suite> <!-- CafetownSend Tests -->
</testng-results>
